Arguments: 
  C:\Program Files\nodejs\node.exe C:\Users\dave\AppData\Roaming\npm\node_modules\yarn\bin\yarn.js start

PATH: 
  C:\Users\dave\bin;C:\Program Files\Git\mingw64\bin;C:\Program Files\Git\usr\local\bin;C:\Program Files\Git\usr\bin;C:\Program Files\Git\usr\bin;C:\Program Files\Git\mingw64\bin;C:\Program Files\Git\usr\bin;C:\Users\dave\bin;C:\Windows\system32;C:\Windows;C:\Windows\System32\Wbem;C:\Windows\System32\WindowsPowerShell\v1.0;C:\Program Files\nodejs;C:\Program Files\Git\cmd;C:\Go\bin;C:\Program Files\Microsoft VS Code\bin;C:\Users\dave\Anaconda3;C:\Users\dave\Anaconda3\Library\mingw-w64\bin;C:\Users\dave\Anaconda3\Library\usr\bin;C:\Users\dave\Anaconda3\Library\bin;C:\Users\dave\Anaconda3\Scripts;C:\Users\dave\AppData\Roaming\npm;C:\Program Files\Heroku\bin;C:\Program Files\Microsoft VS Code\bin;C:\Program Files\MongoDB\bin;C:\Program Files (x86)\Atmel\Flip 3.4.7\bin;%GOPATH%\bin;C:\Program Files\Git\usr\bin\vendor_perl;C:\Program Files\Git\usr\bin\core_perl

Yarn version: 
  1.5.1

Node version: 
  8.9.1

Platform: 
  win32 x64

npm manifest: 
  {
  	"name": "hs2",
  	"version": "1.0.0",
  	"description": "",
  	"main": "index.js",
  	"scripts": {
  		"dev": "next",
  		"build": "next build",
  		"start": "next start"
  	},
  	"keywords": [],
  	"author": "",
  	"license": "ISC",
  	"dependencies": {
  		"@zeit/next-css": "^0.2.0",
  		"@zeit/next-typescript": "^1.1.0",
  		"antd": "^3.8.2",
  		"next": "^6.1.1",
  		"react": "^16.4.2",
  		"react-dom": "^16.4.2",
  		"react-redux": "^5.0.7",
  		"redux": "^4.0.0",
  		"redux-devtools-extension": "^2.13.5",
  		"redux-thunk": "^2.3.0"
  	},
  	"devDependencies": {
  		"@types/next": "^6.1.4",
  		"@types/react": "^16.4.11",
  		"babel-plugin-import": "^1.8.0"
  	}
  }

yarn manifest: 
  No manifest

Lockfile: 
  No lockfile

Trace: 
  Error: Command failed.
  Exit code: 1
  Command: C:\Windows\system32\cmd.exe
  Arguments: /d /s /c next start
  Directory: C:\Users\dave\Desktop\hs2
  Output:
  
      at ProcessTermError.MessageError (C:\Users\dave\AppData\Roaming\npm\node_modules\yarn\lib\cli.js:186:110)
      at new ProcessTermError (C:\Users\dave\AppData\Roaming\npm\node_modules\yarn\lib\cli.js:226:113)
      at ChildProcess.<anonymous> (C:\Users\dave\AppData\Roaming\npm\node_modules\yarn\lib\cli.js:30281:17)
      at emitTwo (events.js:126:13)
      at ChildProcess.emit (events.js:214:7)
      at maybeClose (internal/child_process.js:925:16)
      at Process.ChildProcess._handle.onexit (internal/child_process.js:209:5)
